[2024-12-02 11:12:15] [info] Start Program:
Path:".\\x64\\Debug\\Sample-Test1.exe"
Arguments:
Working directory: not set.
Modules: Selected: * Excluded: 
Sources: Selected: Game.h Game.c Excluded: 
Log Level: Normal
Cover Children: 0
Aggregate by file: 1
Continue after C++ exception: 0
Optimized build support: 0
Export: html 
Input coverage: 
Unified diff: 
Excluded line regular expressions: 
Substitute pdb source paths: 
[2024-12-02 11:12:15] [info] Module: C:\Users\gkrasznai\source\repos\legacy-coderetreat-trivia\C++\x64\Debug\Sample-Test1.exe is selected because it matches selected pattern: *
[2024-12-02 11:12:15] [info] Module: C:\Windows\System32\ntdll.dll is selected because it matches selected pattern: *
[2024-12-02 11:12:15] [info] Module: C:\Windows\System32\kernel32.dll is selected because it matches selected pattern: *
[2024-12-02 11:12:15] [info] Module: C:\Windows\System32\KernelBase.dll is selected because it matches selected pattern: *
[2024-12-02 11:12:15] [info] Module: C:\Windows\System32\umppc18721.dll is selected because it matches selected pattern: *
[2024-12-02 11:12:15] [info] Module: C:\Windows\System32\umppc18721.dll is selected because it matches selected pattern: *
[2024-12-02 11:12:15] [info] Module: C:\Windows\System32\CsXumd64_18721.dll is selected because it matches selected pattern: *
[2024-12-02 11:12:15] [info] Module: C:\Windows\System32\kernel.appcore.dll is selected because it matches selected pattern: *
[2024-12-02 11:12:15] [info] Module: C:\Windows\System32\msvcrt.dll is selected because it matches selected pattern: *
[2024-12-02 11:12:15] [info] ----------------------------------------------------
[2024-12-02 11:12:15] [info] Coverage generated in Folder C:\Users\gkrasznai\source\repos\legacy-coderetreat-trivia\C++\CoverageReport-2024-12-02-11h12m15s
[2024-12-02 11:12:15] [info] ----------------------------------------------------
[2024-12-02 11:12:15] [info] The code coverage report is not what you expect? See the FAQ https://github.com/OpenCppCoverage/OpenCppCoverage/wiki/FAQ.
